<?xml version="1.0" encoding="UTF-8"?>
<!-- Generated by org.testng.reporters.JUnitReportReporter -->
<testsuite hostname="Rajkumars-MacBook-Pro.local" failures="0" tests="1" name="test.TestNG_Demo" time="947.807" errors="0" timestamp="2021-03-26T09:21:55 PDT" skipped="0">
  <testcase classname="test.TestNG_Demo" name="googleSearch" time="947.807"/>
  <system-out/>
</testsuite> <!-- test.TestNG_Demo -->
