<?xml version="1.0" encoding="UTF-8"?>
<!-- Generated by org.testng.reporters.JUnitReportReporter -->
<testsuite hostname="Rajkumars-MacBook-Pro.local" failures="0" tests="1" name="demo.TestNGParameterDemo" time="0.008" errors="0" timestamp="2021-03-30T16:36:44 PDT" skipped="0">
  <testcase classname="demo.TestNGParameterDemo" name="test" time="0.008"/>
  <system-out/>
</testsuite> <!-- demo.TestNGParameterDemo -->
