<?xml version="1.0" encoding="UTF-8"?>
<!-- Generated by org.testng.reporters.JUnitReportReporter -->
<testsuite hostname="Rajkumars-MacBook-Pro.local" failures="0" tests="3" name="demo.TestNGPriorityDemo" time="0.009" errors="0" timestamp="2021-03-30T07:47:51 PDT" skipped="0">
  <testcase classname="demo.TestNGPriorityDemo" name="three" time="0.007"/>
  <system-out/>
  <testcase classname="demo.TestNGPriorityDemo" name="two" time="0.001"/>
  <system-out/>
  <testcase classname="demo.TestNGPriorityDemo" name="one" time="0.001"/>
  <system-out/>
</testsuite> <!-- demo.TestNGPriorityDemo -->
