<?xml version="1.0" encoding="UTF-8"?>
<!-- Generated by org.testng.reporters.JUnitReportReporter -->
<testsuite hostname="Rajkumars-MacBook-Pro.local" failures="0" tests="1" name="demo.Test1" time="4.921" errors="0" timestamp="2021-03-30T18:30:23 PDT" skipped="0">
  <testcase classname="demo.Test1" name="test1" time="4.921"/>
  <system-out/>
</testsuite> <!-- demo.Test1 -->
