<?xml version="1.0" encoding="UTF-8"?>
<!-- Generated by org.testng.reporters.JUnitReportReporter -->
<testsuite hostname="Rajkumars-MacBook-Pro.local" failures="0" tests="3" name="listeners.TestNGListenersDemo2" time="0.003" errors="0" timestamp="2021-03-29T18:33:47 PDT" skipped="1">
  <testcase classname="listeners.TestNGListenersDemo2" name="test5" time="0.001"/>
  <system-out/>
  <testcase classname="listeners.TestNGListenersDemo2" name="test6" time="0.001">
    <skipped/>
  </testcase> <!-- test6 -->
  <system-out/>
  <testcase classname="listeners.TestNGListenersDemo2" name="test4" time="0.001"/>
  <system-out/>
</testsuite> <!-- listeners.TestNGListenersDemo2 -->
