<?xml version="1.0" encoding="UTF-8"?>
<!-- Generated by org.testng.reporters.JUnitReportReporter -->
<testsuite hostname="Rajkumars-MacBook-Pro.local" failures="0" tests="1" name="test.TestNG_Demo2" time="3.501" errors="0" timestamp="2021-03-25T17:14:28 PDT" skipped="0">
  <testcase classname="test.TestNG_Demo2" name="googleSearch3" time="3.501"/>
  <system-out/>
</testsuite> <!-- test.TestNG_Demo2 -->
